<?xml version="1.0" encoding="UTF-8"?>
<!-- Generated by org.testng.reporters.JUnitReportReporter -->
<testsuite hostname="DESKTOP-37DH2AR" failures="0" tests="1" name="Practice.amazon" time="52.579" errors="0" timestamp="2023-05-24T17:21:42 IST" skipped="0">
  <testcase classname="Practice.amazon" name="load" time="52.579"/>
  <system-out/>
</testsuite> <!-- Practice.amazon -->
