<?xml version="1.0" encoding="UTF-8"?>
<!-- Generated by org.testng.reporters.JUnitReportReporter -->
<testsuite hostname="DESKTOP-37DH2AR" failures="0" tests="1" name="Practice.pta" time="43.919" errors="0" timestamp="2023-05-24T17:10:26 IST" skipped="0">
  <testcase classname="Practice.pta" name="load" time="43.919"/>
  <system-out/>
</testsuite> <!-- Practice.pta -->
